<?xml version="1.0" encoding="UTF-8"?>
<!-- Generated by org.testng.reporters.JUnitReportReporter -->
<testsuite hostname="QT-INNO-LT0215" failures="0" tests="5" name="classes.formvalidation" time="108.799" errors="0" timestamp="2021-11-28T14:04:36 IST" skipped="0">
  <testcase classname="classes.formvalidation" name="verifyPageTitleTest" time="19.016"/>
  <system-out/>
  <testcase classname="classes.formvalidation" name="submitWithoutFill" time="20.296"/>
  <system-out/>
  <testcase classname="classes.formvalidation" name="verifyInputFields_hardAssert" time="19.980"/>
  <system-out/>
  <testcase classname="classes.formvalidation" name="verifyInputFields_SoftAssert" time="22.130"/>
  <system-out/>
  <testcase classname="classes.formvalidation" name="verifyFillDetails" time="27.377"/>
  <system-out/>
</testsuite> <!-- classes.formvalidation -->
